
> build_final.log:30:
[ERROR] COMPILATION 
ERROR : 
  build_final.log:31:
[INFO] --------------
---------------------
---------------------
-----
  build_final.log:32:
[ERROR] /C:/workspace
/krishi-bazaar-nepal/
backend/src/main/java
/com/krishihub/paymen
t/service/PaymentServ
ice.java:[37,5] org.s
pringframework.transa
ction.annotation.Tran
sactional is not a 
repeatable 
annotation interface
  build_final.log:33:
[ERROR] /C:/workspace
/krishi-bazaar-nepal/
backend/src/main/java
/com/krishihub/shared
/service/impl/SendGri
dEmailService.java:[4
3,13] cannot find 
symbol
  
build_final.log:34:  
symbol:   variable 
log
  
build_final.log:35:  
location: class com.k
rishihub.shared.servi
ce.impl.SendGridEmail
Service
  build_final.log:36:
[ERROR] /C:/workspace
/krishi-bazaar-nepal/
backend/src/main/java
/com/krishihub/shared
/service/impl/SendGri
dEmailService.java:[4
5,13] cannot find 
symbol
  
build_final.log:37:  
symbol:   variable 
log
  
build_final.log:38:  
location: class com.k
rishihub.shared.servi
ce.impl.SendGridEmail
Service
  build_final.log:39:
[ERROR] /C:/workspace
/krishi-bazaar-nepal/
backend/src/main/java
/com/krishihub/common
/context/UserContextH
older.java:[29,22] 
invalid method 
reference
  
build_final.log:40:  
cannot find symbol
  
build_final.log:41:  
  symbol:   method 
getId()
  
build_final.log:42:  
  location: class com
.krishihub.auth.model
.CustomUserDetails
  build_final.log:43:
[ERROR] /C:/workspace
/krishi-bazaar-nepal/
backend/src/main/java
/com/krishihub/common
/context/UserContextH
older.java:[35,22] 
invalid method 
reference
  
build_final.log:44:  
cannot find symbol
  
build_final.log:45:  
  symbol:   method 
getUserType()
  
build_final.log:46:  
  location: class com
.krishihub.auth.model
.CustomUserDetails
  build_final.log:47:
[ERROR] /C:/workspace
/krishi-bazaar-nepal/
backend/src/main/java
/com/krishihub/common
/context/UserContextH
older.java:[41,22] 
invalid method 
reference
  
build_final.log:48:  
cannot find symbol
  
build_final.log:49:  
  symbol:   method 
getDistrict()
  
build_final.log:50:  
  location: class com
.krishihub.auth.model
.CustomUserDetails
  build_final.log:51:
[ERROR] /C:/workspace
/krishi-bazaar-nepal/
backend/src/main/java
/com/krishihub/knowle
dge/service/CmsServic
e.java:[37,32] 
cannot find symbol
  
build_final.log:52:  
symbol:   method 
getAction()
  
build_final.log:53:  
location: variable 
request of type com.k
rishihub.knowledge.dt
o.WorkflowActionReque
st
  build_final.log:54:
[ERROR] /C:/workspace
/krishi-bazaar-nepal/
backend/src/main/java
/com/krishihub/knowle
dge/service/CmsServic
e.java:[59,42] 
cannot find symbol
  
build_final.log:55:  
symbol:   method 
getStatus()
  
build_final.log:56:  
location: variable 
article of type com.k
rishihub.knowledge.en
tity.Article
  build_final.log:57:
[ERROR] /C:/workspace
/krishi-bazaar-nepal/
backend/src/main/java
/com/krishihub/knowle
dge/service/CmsServic
e.java:[60,16] 
cannot find symbol
  
build_final.log:58:  
symbol:   method setS
tatus(com.krishihub.k
nowledge.entity.Artic
leStatus)
  
build_final.log:59:  
location: variable 
article of type com.k
rishihub.knowledge.en
tity.Article
  build_final.log:60:
[ERROR] /C:/workspace
/krishi-bazaar-nepal/
backend/src/main/java
/com/krishihub/knowle
dge/service/CmsServic
e.java:[64,64] 
cannot find symbol
  
build_final.log:61:  
symbol:   method 
builder()
  
build_final.log:62:  
location: class com.k
rishihub.knowledge.en
tity.ContentWorkflowH
istory
  build_final.log:63:
[ERROR] /C:/workspace
/krishi-bazaar-nepal/
backend/src/main/java
/com/krishihub/knowle
dge/service/CmsServic
e.java:[69,33] 
cannot find symbol
  
build_final.log:64:  
symbol:   method 
getComment()
  
build_final.log:65:  
location: variable 
request of type com.k
rishihub.knowledge.dt
o.WorkflowActionReque
st
  build_final.log:66:
[ERROR] /C:/workspace
/krishi-bazaar-nepal/
backend/src/main/java
/com/krishihub/knowle
dge/service/CmsServic
e.java:[79,99] 
cannot find symbol
  
build_final.log:67:  
symbol:   method 
getId()
  
build_final.log:68:  
location: variable 
article of type com.k
rishihub.knowledge.en
tity.Article
  build_final.log:69:
[ERROR] /C:/workspace
/krishi-bazaar-nepal/
backend/src/main/java
/com/krishihub/knowle
dge/service/CmsServic
e.java:[84,48] 
cannot find symbol
  
build_final.log:70:  
symbol:   method 
builder()
  
build_final.log:71:  
location: class com.k
rishihub.knowledge.en
tity.ArticleVersion
  build_final.log:72:
[ERROR] /C:/workspace
/krishi-bazaar-nepal/
backend/src/main/java
/com/krishihub/shared
/dto/ApiResponse.java
:[16,16] cannot 
infer type arguments 
for com.krishihub.sha
red.dto.ApiResponse<>
  
build_final.log:73:  
reason: cannot infer 
type-variable(s) T
  
build_final.log:74:  
  (actual and formal 
argument lists 
differ in length)
  build_final.log:75:
[ERROR] /C:/workspace
/krishi-bazaar-nepal/
backend/src/main/java
/com/krishihub/shared
/dto/ApiResponse.java
:[20,16] cannot 
infer type arguments 
for com.krishihub.sha
red.dto.ApiResponse<>
  
build_final.log:76:  
reason: cannot infer 
type-variable(s) T
  
build_final.log:77:  
  (actual and formal 
argument lists 
differ in length)
  build_final.log:78:
[ERROR] /C:/workspace
/krishi-bazaar-nepal/
backend/src/main/java
/com/krishihub/shared
/dto/ApiResponse.java
:[24,16] cannot 
infer type arguments 
for com.krishihub.sha
red.dto.ApiResponse<>
  
build_final.log:79:  
reason: cannot infer 
type-variable(s) T
  
build_final.log:80:  
  (actual and formal 
argument lists 
differ in length)


